SF:lib/model/response/post.g.dart
DA:9,2
DA:12,1
DA:13,1
DA:14,2
DA:15,2
DA:16,2
DA:17,2
DA:23,2
DA:24,1
DA:25,1
DA:26,1
DA:27,1
LF:12
LH:12
end_of_record
SF:lib/model/response/post.dart
DA:18,2
LF:1
LH:1
end_of_record
SF:lib/model/response/user.g.dart
DA:9,2
DA:12,1
DA:13,1
DA:14,2
DA:15,2
DA:16,2
DA:17,2
DA:18,2
DA:19,2
DA:20,1
DA:21,2
DA:22,1
DA:23,2
DA:29,2
DA:30,1
DA:31,1
DA:32,1
DA:33,1
DA:34,1
DA:35,1
DA:36,1
DA:37,1
DA:40,2
DA:43,1
DA:44,1
DA:45,2
DA:46,2
DA:47,2
DA:48,2
DA:49,1
DA:50,2
DA:56,1
DA:57,1
DA:58,1
DA:59,1
DA:60,1
DA:61,1
DA:62,1
DA:65,2
DA:68,1
DA:69,1
DA:70,2
DA:71,2
DA:77,2
DA:78,1
DA:79,1
DA:82,2
DA:85,1
DA:86,1
DA:87,2
DA:88,2
DA:89,2
DA:95,1
DA:96,1
DA:97,1
DA:98,1
DA:99,1
LF:57
LH:57
end_of_record
SF:lib/model/response/user.dart
DA:22,2
DA:37,2
DA:49,2
DA:62,2
LF:4
LH:4
end_of_record
SF:lib/repository/post_repository.dart
DA:8,3
DA:9,3
DA:12,3
DA:13,4
DA:16,4
DA:17,4
DA:21,1
DA:23,1
DA:24,3
DA:25,2
DA:26,2
DA:27,1
DA:30,3
DA:31,1
DA:34,1
DA:36,4
DA:37,2
DA:38,2
DA:41,1
LF:19
LH:19
end_of_record
SF:lib/repository/user_repository.dart
DA:8,3
DA:9,0
DA:11,3
DA:12,0
DA:14,4
DA:15,4
DA:19,1
DA:21,1
DA:22,3
DA:23,2
DA:24,2
DA:25,1
DA:28,3
DA:29,1
DA:32,1
DA:34,4
DA:35,2
DA:36,2
DA:39,1
LF:19
LH:17
end_of_record
SF:lib/services/api_client.dart
DA:6,1
DA:7,2
DA:10,1
DA:13,1
DA:16,2
DA:18,1
DA:19,3
LF:7
LH:7
end_of_record
SF:lib/utils/datetime_util.dart
DA:3,1
DA:4,1
DA:5,1
DA:6,1
DA:7,1
DA:10,1
DA:11,1
DA:13,6
DA:22,1
DA:23,2
DA:27,1
DA:28,2
DA:32,1
DA:33,2
DA:37,1
DA:38,2
LF:16
LH:16
end_of_record
SF:lib/utils/degree_util.dart
DA:5,1
DA:6,2
DA:10,1
DA:11,2
LF:4
LH:4
end_of_record
SF:lib/repository/repository_base.dart
DA:6,1
LF:1
LH:1
end_of_record
