SF:lib/model/response/post.g.dart
DA:9,2
DA:12,1
DA:13,1
DA:14,2
DA:15,2
DA:16,2
DA:17,2
DA:23,2
DA:24,1
DA:25,1
DA:26,1
DA:27,1
LF:12
LH:12
end_of_record
SF:lib/model/response/post.dart
DA:18,2
LF:1
LH:1
end_of_record
SF:lib/repository/post_repository.dart
DA:7,3
DA:8,3
DA:11,3
DA:12,4
DA:15,4
DA:16,4
DA:22,1
DA:24,1
DA:25,3
DA:26,1
DA:27,2
DA:28,2
DA:29,2
DA:30,1
DA:32,2
DA:34,3
DA:35,1
DA:38,1
DA:40,4
DA:41,1
DA:42,2
DA:43,2
DA:44,2
DA:47,3
LF:24
LH:24
end_of_record
SF:lib/services/api_client.dart
DA:6,1
DA:7,2
DA:10,1
DA:13,1
DA:16,2
DA:18,1
DA:19,3
LF:7
LH:7
end_of_record
SF:lib/utils/datetime_util.dart
DA:3,1
DA:4,1
DA:5,1
DA:6,1
DA:7,1
DA:10,1
DA:11,1
DA:13,6
DA:22,1
DA:23,2
DA:27,1
DA:28,2
DA:32,1
DA:33,2
DA:37,1
DA:38,2
LF:16
LH:16
end_of_record
SF:lib/utils/degree_util.dart
DA:5,1
DA:6,2
DA:10,1
DA:11,2
LF:4
LH:4
end_of_record
